<?xml version="1.0" encoding="UTF-8"?>
<!-- Generated by org.testng.reporters.JUnitXMLReporter -->
<testsuite ignored="0" hostname="LAPTOP-I0PE52NF" failures="0" tests="3" name="Test-2" time="46.294" errors="0" timestamp="2025-01-21T15:16:19 IST">
  <testcase classname="com.comcast.crm.orgtest.CreateOrgTest" name="CreateORgTest" time="11.344"/>
  <testcase classname="com.comcast.crm.orgtest.CreateOrgTest" name="CreateOrgWithIndTest" time="6.288"/>
  <testcase classname="com.comcast.crm.orgtest.CreateOrgTest" name="CreateOrgWithPhoneNoTest" time="7.005"/>
</testsuite> <!-- Test-2 -->
