<?xml version="1.0" encoding="UTF-8"?>
<!-- Generated by org.testng.reporters.JUnitXMLReporter -->
<testsuite ignored="0" hostname="LAPTOP-I0PE52NF" failures="0" tests="3" name="Test-1" time="53.654" errors="0" timestamp="2025-01-21T15:16:27 IST">
  <testcase classname="com.comcast.crm.contacttest.CreateContactsTest" name="createContactTest" time="11.338"/>
  <testcase classname="com.comcast.crm.contacttest.CreateContactsTest" name="createContactWithOrgTest" time="15.084"/>
  <testcase classname="com.comcast.crm.contacttest.CreateContactsTest" name="createContactWithSupportDate" time="4.984"/>
</testsuite> <!-- Test-1 -->
