<?xml version="1.0" encoding="UTF-8"?>
<!-- Generated by org.testng.reporters.JUnitReportReporter -->
<testsuite hostname="LAPTOP-I0PE52NF" failures="0" tests="1" name="basicprograms.SampleTestWithPOM" time="7.581" errors="0" timestamp="2025-01-16T12:14:38 IST" skipped="0">
  <testcase classname="basicprograms.SampleTestWithPOM" name="sampleTest" time="7.581"/>
</testsuite> <!-- basicprograms.SampleTestWithPOM -->
