<?xml version="1.0" encoding="UTF-8"?>
<!-- Generated by org.testng.reporters.JUnitReportReporter -->
<testsuite hostname="LAPTOP-I0PE52NF" failures="0" tests="4" name="practice.testng.GetProductInfoTest" time="43.687" errors="0" timestamp="2025-01-18T19:53:12 IST" skipped="0">
  <testcase classname="practice.testng.GetProductInfoTest" name="getProductInfoTest" time="11.229"/>
  <testcase classname="practice.testng.GetProductInfoTest" name="getProductInfoTest" time="10.924"/>
  <testcase classname="practice.testng.GetProductInfoTest" name="getProductInfoTest" time="8.954"/>
  <testcase classname="practice.testng.GetProductInfoTest" name="getProductInfoTest" time="12.580"/>
</testsuite> <!-- practice.testng.GetProductInfoTest -->
