<?xml version="1.0" encoding="UTF-8"?>
<!-- Generated by org.testng.reporters.JUnitReportReporter -->
<testsuite hostname="LAPTOP-I0PE52NF" failures="0" tests="3" name="practice.testng.TestDataProvider2" time="0.021" errors="0" timestamp="2025-01-20T02:15:45 IST" skipped="0">
  <testcase classname="practice.testng.TestDataProvider2" name="testUserDetails" time="0.003"/>
  <testcase classname="practice.testng.TestDataProvider2" name="testUserDetails" time="0.008"/>
  <testcase classname="practice.testng.TestDataProvider2" name="testUserDetails" time="0.010"/>
</testsuite> <!-- practice.testng.TestDataProvider2 -->
