<?xml version="1.0" encoding="UTF-8"?>
<!-- Generated by org.testng.reporters.JUnitReportReporter -->
<testsuite hostname="LAPTOP-I0PE52NF" failures="0" tests="1" name="ddtExecution.AddPlusReadDataNinzaHRMTest" time="9.844" errors="0" timestamp="2025-01-10T12:50:30 IST" skipped="0">
  <testcase classname="ddtExecution.AddPlusReadDataNinzaHRMTest" name="AddData" time="9.844"/>
</testsuite> <!-- ddtExecution.AddPlusReadDataNinzaHRMTest -->
