<?xml version="1.0" encoding="UTF-8"?>
<!-- Generated by org.testng.reporters.JUnitReportReporter -->
<testsuite hostname="LAPTOP-I0PE52NF" failures="0" tests="1" name="ddtExecution.ReadDataFromTestNGXMLTest" time="35.338" errors="0" timestamp="2025-01-10T11:28:07 IST" skipped="0">
  <testcase classname="ddtExecution.ReadDataFromTestNGXMLTest" name="XMLTestParamater" time="35.338"/>
</testsuite> <!-- ddtExecution.ReadDataFromTestNGXMLTest -->
