<?xml version="1.0" encoding="UTF-8"?>
<!-- Generated by org.testng.reporters.JUnitReportReporter -->
<testsuite hostname="LAPTOP-I0PE52NF" failures="0" tests="2" name="practice.testng.ContactTest" time="0.017" errors="0" timestamp="2025-01-17T15:46:31 IST" skipped="0">
  <testcase classname="practice.testng.ContactTest" name="modifyContactTest" time="0.003"/>
  <testcase classname="practice.testng.ContactTest" name="createContactTest" time="0.014"/>
</testsuite> <!-- practice.testng.ContactTest -->
