<?xml version="1.0" encoding="UTF-8"?>
<!-- Generated by org.testng.reporters.JUnitReportReporter -->
<testsuite hostname="LAPTOP-I0PE52NF" failures="0" tests="2" name="com.comcast.crm.contacttest2.CreateContactsTest" time="0.010" errors="0" timestamp="2025-01-20T15:05:20 IST" skipped="0">
  <testcase classname="com.comcast.crm.contacttest2.CreateContactsTest" name="createContact" time="0.006"/>
  <system-out/>
  <testcase classname="com.comcast.crm.contacttest2.CreateContactsTest" name="createContactWithDate" time="0.004"/>
  <system-out/>
</testsuite> <!-- com.comcast.crm.contacttest2.CreateContactsTest -->
