<?xml version="1.0" encoding="UTF-8"?>
<!-- Generated by org.testng.reporters.JUnitReportReporter -->
<testsuite hostname="LAPTOP-I0PE52NF" failures="0" tests="1" name="ddtExecution.SampleUnitTestCheckProjectInBackEnd" time="0.537" errors="0" timestamp="2025-01-09T19:25:29 IST" skipped="0">
  <testcase classname="ddtExecution.SampleUnitTestCheckProjectInBackEnd" name="projectchecktest" time="0.537"/>
</testsuite> <!-- ddtExecution.SampleUnitTestCheckProjectInBackEnd -->
