<?xml version="1.0" encoding="UTF-8"?>
<!-- Generated by org.testng.reporters.JUnitReportReporter -->
<testsuite hostname="LAPTOP-I0PE52NF" failures="0" tests="2" name="demo.Annotations.CreateContactTest" time="0.021" errors="0" timestamp="2025-01-20T13:30:55 IST" skipped="0">
  <testcase classname="demo.Annotations.CreateContactTest" name="createContactWithDate" time="0.011"/>
  <testcase classname="demo.Annotations.CreateContactTest" name="createContact" time="0.010"/>
</testsuite> <!-- demo.Annotations.CreateContactTest -->
