<?xml version="1.0" encoding="UTF-8"?>
<!-- Generated by org.testng.reporters.JUnitReportReporter -->
<testsuite hostname="LAPTOP-I0PE52NF" failures="0" tests="1" name="practice.listener.testng.SampleTestForScreenshot" time="13.651" errors="0" timestamp="2025-01-23T08:24:27 IST" skipped="0">
  <testcase classname="practice.listener.testng.SampleTestForScreenshot" name="amazonTest" time="13.651"/>
  <system-out/>
</testsuite> <!-- practice.listener.testng.SampleTestForScreenshot -->
