<?xml version="1.0" encoding="UTF-8"?>
<!-- Generated by org.testng.reporters.JUnitReportReporter -->
<testsuite hostname="LAPTOP-I0PE52NF" failures="0" tests="2" name="practice.testng.ProductOrderTest$OrderTest" time="11.953" errors="0" timestamp="2025-01-22T18:57:36 IST" skipped="0">
  <testcase classname="practice.testng.ProductOrderTest$OrderTest" name="createOrderWithContactTest" time="3.455"/>
  <system-out/>
  <testcase classname="practice.testng.ProductOrderTest$OrderTest" name="createOrderTest" time="8.498"/>
  <system-out/>
</testsuite> <!-- practice.testng.ProductOrderTest$OrderTest -->
