<?xml version="1.0" encoding="UTF-8"?>
<!-- Generated by org.testng.reporters.JUnitReportReporter -->
<testsuite hostname="LAPTOP-I0PE52NF" failures="0" tests="3" name="practice.testng.ExecuteTests" time="0.050" errors="0" timestamp="2025-01-20T01:45:34 IST" skipped="0">
  <testcase classname="practice.testng.ExecuteTests" name="testUserDetails" time="0.018"/>
  <testcase classname="practice.testng.ExecuteTests" name="testUserDetails" time="0.019"/>
  <testcase classname="practice.testng.ExecuteTests" name="testUserDetails" time="0.013"/>
</testsuite> <!-- practice.testng.ExecuteTests -->
