<?xml version="1.0" encoding="UTF-8"?>
<!-- Generated by org.testng.reporters.JUnitReportReporter -->
<testsuite hostname="LAPTOP-I0PE52NF" failures="0" tests="3" name="practice.suite.ExecutionOrder.SanityTest" time="0.043" errors="0" timestamp="2025-01-21T13:06:37 IST" skipped="0">
  <testcase classname="practice.suite.ExecutionOrder.SanityTest" name="test2" time="0.008"/>
  <system-out/>
  <testcase classname="practice.suite.ExecutionOrder.SanityTest" name="test1" time="0.027"/>
  <system-out/>
  <testcase classname="practice.suite.ExecutionOrder.SanityTest" name="test3" time="0.008"/>
  <system-out/>
</testsuite> <!-- practice.suite.ExecutionOrder.SanityTest -->
