<?xml version="1.0" encoding="UTF-8"?>
<!-- Generated by org.testng.reporters.JUnitReportReporter -->
<testsuite hostname="LAPTOP-I0PE52NF" failures="0" tests="3" name="com.comcast.crm.orgtest.CreateOrgTest" time="27.462" errors="0" timestamp="2025-01-27T16:13:15 IST" skipped="0">
  <testcase classname="com.comcast.crm.orgtest.CreateOrgTest" name="CreateOrgWithPhoneNoTest" time="10.238"/>
  <system-out/>
  <testcase classname="com.comcast.crm.orgtest.CreateOrgTest" name="CreateOrgWithIndTest" time="7.756"/>
  <system-out/>
  <testcase classname="com.comcast.crm.orgtest.CreateOrgTest" name="CreateORgTest" time="9.468"/>
  <system-out/>
</testsuite> <!-- com.comcast.crm.orgtest.CreateOrgTest -->
