<?xml version="1.0" encoding="UTF-8"?>
<!-- Generated by org.testng.reporters.JUnitReportReporter -->
<testsuite hostname="LAPTOP-I0PE52NF" failures="0" tests="2" name="com.comcast.crm.orgtest2.CreateOrgTest" time="0.012" errors="0" timestamp="2025-01-20T15:05:20 IST" skipped="0">
  <testcase classname="com.comcast.crm.orgtest2.CreateOrgTest" name="createOrgWithIndustry" time="0.007"/>
  <system-out/>
  <testcase classname="com.comcast.crm.orgtest2.CreateOrgTest" name="CreateorgTest" time="0.005"/>
  <system-out/>
</testsuite> <!-- com.comcast.crm.orgtest2.CreateOrgTest -->
