<?xml version="1.0" encoding="UTF-8"?>
<!-- Generated by org.testng.reporters.JUnitReportReporter -->
<testsuite hostname="LAPTOP-I0PE52NF" failures="0" tests="3" name="practice.testng.CreateContact_DataProvider_Test2" time="0.019" errors="0" timestamp="2025-01-18T17:03:50 IST" skipped="0">
  <testcase classname="practice.testng.CreateContact_DataProvider_Test2" name="createContactTest" time="0.003"/>
  <testcase classname="practice.testng.CreateContact_DataProvider_Test2" name="createContactTest" time="0.007"/>
  <testcase classname="practice.testng.CreateContact_DataProvider_Test2" name="createContactTest" time="0.009"/>
</testsuite> <!-- practice.testng.CreateContact_DataProvider_Test2 -->
