<?xml version="1.0" encoding="UTF-8"?>
<!-- Generated by org.testng.reporters.JUnitReportReporter -->
<testsuite hostname="LAPTOP-I0PE52NF" failures="0" tests="1" name="practice.testng.SampleReportTest" time="5.439" errors="0" timestamp="2025-01-24T19:35:22 IST" skipped="0">
  <testcase classname="practice.testng.SampleReportTest" name="createContactTest" time="5.439"/>
  <system-out/>
</testsuite> <!-- practice.testng.SampleReportTest -->
