<?xml version="1.0" encoding="UTF-8"?>
<!-- Generated by org.testng.reporters.JUnitReportReporter -->
<testsuite hostname="LAPTOP-I0PE52NF" failures="0" tests="1" name="ddtExecution.DDTIntegrationWithFrameworkTest" time="25.991" errors="0" timestamp="2025-01-09T19:30:27 IST" skipped="0">
  <testcase classname="ddtExecution.DDTIntegrationWithFrameworkTest" name="XMLTestParamater" time="25.991"/>
</testsuite> <!-- ddtExecution.DDTIntegrationWithFrameworkTest -->
