<?xml version="1.0" encoding="UTF-8"?>
<!-- Generated by org.testng.reporters.JUnitReportReporter -->
<testsuite hostname="LAPTOP-I0PE52NF" failures="0" tests="11" name="practice.testng.OrderTest" time="0.047" errors="0" timestamp="2025-01-17T15:48:06 IST" skipped="1">
  <testcase classname="practice.testng.OrderTest" name="createOrderTest" time="0.004"/>
  <testcase classname="practice.testng.OrderTest" name="createOrderTest" time="0.004"/>
  <testcase classname="practice.testng.OrderTest" name="createOrderTest" time="0.009"/>
  <testcase classname="practice.testng.OrderTest" name="createOrderTest" time="0.004"/>
  <testcase classname="practice.testng.OrderTest" name="createOrderTest" time="0.003"/>
  <testcase classname="practice.testng.OrderTest" name="createOrderTest" time="0.001"/>
  <testcase classname="practice.testng.OrderTest" name="createOrderTest" time="0.010"/>
  <testcase classname="practice.testng.OrderTest" name="createOrderTest" time="0.006"/>
  <testcase classname="practice.testng.OrderTest" name="createOrderTest" time="0.004"/>
  <testcase classname="practice.testng.OrderTest" name="createOrderTest" time="0.002"/>
  <testcase classname="practice.testng.OrderTest" name="billOrderTest">
    <skipped/>
  </testcase> <!-- billOrderTest -->
</testsuite> <!-- practice.testng.OrderTest -->
