<?xml version="1.0" encoding="UTF-8"?>
<!-- Generated by org.testng.reporters.JUnitReportReporter -->
<testsuite hostname="LAPTOP-I0PE52NF" failures="0" tests="3" name="practice.suite.ExecutionOrder.RegressionTest" time="0.044" errors="0" timestamp="2025-01-21T13:06:37 IST" skipped="0">
  <testcase classname="practice.suite.ExecutionOrder.RegressionTest" name="test2" time="0.012"/>
  <system-out/>
  <testcase classname="practice.suite.ExecutionOrder.RegressionTest" name="test1" time="0.018"/>
  <system-out/>
  <testcase classname="practice.suite.ExecutionOrder.RegressionTest" name="test3" time="0.014"/>
  <system-out/>
</testsuite> <!-- practice.suite.ExecutionOrder.RegressionTest -->
