<?xml version="1.0" encoding="UTF-8"?>
<!-- Generated by org.testng.reporters.JUnitReportReporter -->
<testsuite hostname="LAPTOP-I0PE52NF" failures="0" tests="1" name="practice.testng.SampleTestForScreenshot" time="10.127" errors="0" timestamp="2025-01-21T17:32:00 IST" skipped="0">
  <testcase classname="practice.testng.SampleTestForScreenshot" name="amazonTest" time="10.127"/>
  <system-out/>
</testsuite> <!-- practice.testng.SampleTestForScreenshot -->
