<?xml version="1.0" encoding="UTF-8"?>
<!-- Generated by org.testng.reporters.JUnitReportReporter -->
<testsuite hostname="LAPTOP-I0PE52NF" failures="0" tests="1" name="ddtExecution.ReadRunTimeMavenTest2" time="15.086" errors="0" timestamp="2025-01-08T18:32:15 IST" skipped="0">
  <testcase classname="ddtExecution.ReadRunTimeMavenTest2" name="signup" time="15.086"/>
</testsuite> <!-- ddtExecution.ReadRunTimeMavenTest2 -->
