<?xml version="1.0" encoding="UTF-8"?>
<!-- Generated by org.testng.reporters.JUnitReportReporter -->
<testsuite hostname="LAPTOP-I0PE52NF" failures="0" tests="1" name="basicprograms.ReadRunTimeMavenTest2" time="6.015" errors="0" timestamp="2025-01-15T00:28:59 IST" skipped="0">
  <testcase classname="basicprograms.ReadRunTimeMavenTest2" name="signup" time="6.015"/>
</testsuite> <!-- basicprograms.ReadRunTimeMavenTest2 -->
